C51 COMPILER V9.54   DELAY                                                                 07/29/2022 15:20:16 PAGE 1   


C51 COMPILER V9.54, COMPILATION OF MODULE DELAY
OBJECT MODULE PLACED IN ..\Obj\delay.obj
COMPILER INVOKED BY: D:\keil 5 - C51\C51\BIN\C51.EXE ..\Fwlib\delay.c LARGE OPTIMIZE(8,SPEED) BROWSE INCDIR(..\Fwlib;..\
                    -Hardware\LED;..\Hardware\OLED;..\Software\IIC;..\User;..\System\MyTimer) DEBUG OBJECTEXTEND PRINT(.\Listings\delay.lst) 
                    -OBJECT(..\Obj\delay.obj)

line level    source

   1          #include        "delay.h"
   2          
   3          void Delay15us(void)            //@24.000MHz
   4          {
   5   1              unsigned char i;
   6   1      
   7   1              i = 78;
   8   1              while (--i);
   9   1      }
  10          
  11          /*------------- 自适应延时函数 -------------*/
  12          
  13          // @24.00MHz下
  14          // us=1->1.458us
  15          // us=2->2.708us
  16          void delay_1_us(u16 us)
  17          {
  18   1              u16 i;
  19   1              do{
  20   2                      i = MAIN_Fosc / 10000000;
  21   2                      while(--i);
  22   2              }while(--us);
  23   1      }
  24          
  25          void delay_5_us(u16 _5us)
  26          {
  27   1              u16 i;
  28   1              do{
  29   2                      i = MAIN_Fosc / 2000000;
  30   2                      while(--i);
  31   2              }while(--_5us);
  32   1      }
  33          
  34          void delay_10_us(u16 _10us)
  35          {
  36   1              u16 i;
  37   1              do{
  38   2                      i = MAIN_Fosc / 1000000;
  39   2                      while(--i);
  40   2              }while(--_10us);
  41   1      }
  42          
  43          void delay_ms(u16 ms)
  44          {
  45   1              u16 i;
  46   1              do{
  47   2                      i = MAIN_Fosc / 10000;
  48   2                      while(--i);
  49   2              }while(--ms);
  50   1      }
  51          
  52          /*------------- 自适应延时函数 -------------*/

C51 COMPILER V9.54   DELAY                                                                 07/29/2022 15:20:16 PAGE 2   


MODULE INFORMATION:   STATIC OVERLAYABLE
   CODE SIZE        =     97    ----
   CONSTANT SIZE    =   ----    ----
   XDATA SIZE       =   ----    ----
   PDATA SIZE       =   ----    ----
   DATA SIZE        =   ----    ----
   IDATA SIZE       =   ----    ----
   BIT SIZE         =   ----    ----
END OF MODULE INFORMATION.


C51 COMPILATION COMPLETE.  0 WARNING(S),  0 ERROR(S)
