C51 COMPILER V9.54   MAIN                                                                  07/26/2022 01:51:33 PAGE 1   


C51 COMPILER V9.54, COMPILATION OF MODULE MAIN
OBJECT MODULE PLACED IN ..\Obj\main.obj
COMPILER INVOKED BY: D:\keil 5 - C51\C51\BIN\C51.EXE ..\User\main.c LARGE OPTIMIZE(8,SPEED) BROWSE INCDIR(..\Fwlib;..\Ha
                    -rdware\LED;..\Hardware\OLED;..\Software\IIC;..\User) DEBUG OBJECTEXTEND PRINT(.\Listings\main.lst) OBJECT(..\Obj\main.ob
                    -j)

line level    source

   1          #include "config.h"
   2          #include "delay.h"
   3          
   4          #include "led.h"
   5          #include "oled.h"
   6          #include "screen.h"
   7          
   8          void main()
   9          {
  10   1              u32 i = 0;
  11   1              
  12   1              LED_GPIO_Config();
  13   1              OLED_Init();
  14   1              
  15   1              while(1)
  16   1              {
  17   2                      i++;
  18   2                      OLED_Test(i);
  19   2                      OLED_Refresh_Gram();
  20   2              }
  21   1      }


MODULE INFORMATION:   STATIC OVERLAYABLE
   CODE SIZE        =     69    ----
   CONSTANT SIZE    =   ----    ----
   XDATA SIZE       =   ----       4
   PDATA SIZE       =   ----    ----
   DATA SIZE        =   ----    ----
   IDATA SIZE       =   ----    ----
   BIT SIZE         =   ----    ----
END OF MODULE INFORMATION.


C51 COMPILATION COMPLETE.  0 WARNING(S),  0 ERROR(S)
