C51 COMPILER V9.54   SCREEN                                                                07/26/2022 01:51:33 PAGE 1   


C51 COMPILER V9.54, COMPILATION OF MODULE SCREEN
OBJECT MODULE PLACED IN ..\Obj\screen.obj
COMPILER INVOKED BY: D:\keil 5 - C51\C51\BIN\C51.EXE ..\Hardware\OLED\screen.c LARGE OPTIMIZE(8,SPEED) BROWSE INCDIR(..\
                    -Fwlib;..\Hardware\LED;..\Hardware\OLED;..\Software\IIC;..\User) DEBUG OBJECTEXTEND PRINT(.\Listings\screen.lst) OBJECT(.
                    -.\Obj\screen.obj)

line level    source

   1          #include "screen.h"
   2          
   3          #include <stdlib.h>
   4          #include <math.h>
   5          
   6          #include "delay.h"
   7          
   8          void OLED_Test(u32 nums)
   9          {
  10   1              OLED_ShowNums(0, 0, nums, 16, FILL);
  11   1      }


MODULE INFORMATION:   STATIC OVERLAYABLE
   CODE SIZE        =     42    ----
   CONSTANT SIZE    =   ----    ----
   XDATA SIZE       =   ----       4
   PDATA SIZE       =   ----    ----
   DATA SIZE        =   ----    ----
   IDATA SIZE       =   ----    ----
   BIT SIZE         =   ----    ----
END OF MODULE INFORMATION.


C51 COMPILATION COMPLETE.  0 WARNING(S),  0 ERROR(S)
